\BOOKMARK [1][-]{section.1}{\376\377\000I\000n\000s\000t\000r\000u\000m\000e\000n\000t\000o\000s\000\040\000y\000\040\000e\000q\000u\000i\000p\000o}{}% 1
\BOOKMARK [1][-]{section.2}{\376\377\000I\000n\000d\000u\000c\000t\000o\000r}{}% 2
\BOOKMARK [1][-]{section.3}{\376\377\000C\000\341\000l\000c\000u\000l\000o\000\040\000d\000e\000\040\000R\000L\000C\000\040\000s\000e\000r\000i\000e}{}% 3
\BOOKMARK [1][-]{section.4}{\376\377\000C\000a\000r\000a\000c\000t\000e\000r\000i\000z\000a\000c\000i\000\363\000n\000\040\000d\000e\000\040\000c\000o\000m\000p\000o\000n\000e\000n\000t\000e\000s\000\040\000p\000a\000s\000i\000v\000o\000s}{}% 4
\BOOKMARK [1][-]{section.5}{\376\377\000P\000a\000s\000a\000b\000a\000j\000o\000s}{}% 5
\BOOKMARK [2][-]{subsection.5.1}{\376\377\000R\000e\000s\000p\000u\000e\000s\000t\000a\000\040\000a\000l\000\040\000e\000s\000c\000a\000l\000\363\000n}{section.5}% 6
\BOOKMARK [2][-]{subsection.5.2}{\376\377\000S\000a\000l\000i\000d\000a\000\040\000c\000o\000n\000\040\000b\000a\000r\000r\000i\000d\000o\000\040\000d\000e\000\040\000f\000r\000e\000c\000u\000e\000n\000c\000i\000a\000s}{section.5}% 7
\BOOKMARK [2][-]{subsection.5.3}{\376\377\000C\000\341\000l\000c\000u\000l\000o\000\040\000d\000e\000\040\000l\000a\000\040\000f\000u\000n\000c\000i\000\363\000n\000\040\000t\000r\000a\000n\000s\000f\000e\000r\000e\000n\000c\000i\000a}{section.5}% 8
\BOOKMARK [2][-]{subsection.5.4}{\376\377\000D\000i\000a\000g\000r\000a\000m\000a\000\040\000d\000e\000\040\000B\000o\000d\000e\000\040\000T\000e\000\363\000r\000i\000c\000o\000-\000P\000r\000\341\000c\000t\000i\000c\000o}{section.5}% 9
\BOOKMARK [2][-]{subsection.5.5}{\376\377\000R\000e\000s\000p\000u\000e\000s\000t\000a\000\040\000a\000l\000\040\000e\000s\000c\000a\000l\000\363\000n\000\040\000p\000a\000r\000a\000\040\000d\000i\000s\000t\000i\000n\000t\000o\000s\000\040\000v\000a\000l\000o\000r\000e\000s\000\040\000d\000e\000\040\000R}{section.5}% 10
\BOOKMARK [3][-]{subsubsection.5.5.1}{\376\377\000R\000\040\000t\000a\000l\000\040\000q\000u\000e\000\040\000M\000p\000=\0000\000,\0000\0007\000v\000i}{subsection.5.5}% 11
\BOOKMARK [3][-]{subsubsection.5.5.2}{\376\377\000R\000\040\000=\000\040\0000\000\040}{subsection.5.5}% 12
\BOOKMARK [3][-]{subsubsection.5.5.3}{\376\377\000R\000\040\000t\000a\000l\000\040\000q\000u\000e\000\040\000e\000l\000\040\000c\000i\000r\000c\000u\000i\000t\000o\000\040\000f\000u\000e\000r\000a\000\040\000C\000r\000\355\000t\000i\000c\000a\000m\000e\000n\000t\000e\000\040\000A\000m\000o\000r\000t\000i\000g\000u\000a\000d\000o}{subsection.5.5}% 13
\BOOKMARK [3][-]{subsubsection.5.5.4}{\376\377\000R\000\040\000t\000a\000l\000\040\000q\000u\000e\000\040\000M\000p\000=\0000\000,\0000\0007\000v\000i}{subsection.5.5}% 14
\BOOKMARK [3][-]{subsubsection.5.5.5}{\376\377\000R\000\040\000=\000\040\0000\000\040}{subsection.5.5}% 15
\BOOKMARK [1][-]{section.6}{\376\377\000P\000a\000s\000a\000a\000l\000t\000o\000s\000,\000\040\000P\000a\000s\000a\000b\000a\000n\000d\000a\000s\000\040\000y\000\040\000R\000e\000c\000h\000a\000z\000a\000b\000a\000n\000d\000a\000s}{}% 16
\BOOKMARK [1][-]{section.7}{\376\377\000M\000e\000d\000i\000c\000i\000\363\000n\000\040\000d\000e\000l\000\040\000f\000a\000c\000t\000o\000r\000\040\000d\000e\000\040\000c\000a\000l\000i\000d\000a\000d}{}% 17
\BOOKMARK [2][-]{subsection.7.1}{\376\377\000C\000\341\000l\000c\000u\000l\000o\000\040\000a\000n\000a\000l\000\355\000t\000i\000c\000o}{section.7}% 18
\BOOKMARK [2][-]{subsection.7.2}{\376\377\000M\000\351\000t\000o\000d\000o\000s\000\040\000e\000m\000p\000\355\000r\000i\000c\000o\000s\000\040\000y\000\040\000s\000e\000l\000e\000c\000c\000i\000\363\000n\000\040\000d\000e\000l\000\040\000d\000e\000\040\000m\000e\000n\000o\000r\000\040\000e\000r\000r\000o\000r}{section.7}% 19
\BOOKMARK [2][-]{subsection.7.3}{\376\377\000R\000e\000s\000u\000l\000t\000a\000d\000o\000s\000\040\000e\000x\000p\000e\000r\000i\000m\000e\000n\000t\000a\000l\000e\000s}{section.7}% 20
\BOOKMARK [2][-]{subsection.7.4}{\376\377\000C\000o\000m\000p\000a\000r\000a\000c\000i\000\363\000n\000\040\000y\000\040\000A\000n\000\341\000l\000i\000s\000i\000s}{section.7}% 21
\BOOKMARK [1][-]{section.8}{\376\377\000A\000n\000e\000x\000o}{}% 22
\BOOKMARK [2][-]{subsection.8.1}{\376\377\000D\000e\000d\000u\000c\000c\000i\000o\000n\000e\000s\000\040\000m\000a\000t\000e\000m\000\341\000t\000i\000c\000a\000s}{section.8}% 23
\BOOKMARK [3][-]{subsubsection.8.1.1}{\376\377\000F\000i\000l\000t\000r\000o\000\040\000p\000a\000s\000a\000b\000a\000n\000d\000a\000s}{subsection.8.1}% 24
\BOOKMARK [3][-]{subsubsection.8.1.2}{\376\377\000F\000i\000l\000t\000r\000o\000\040\000p\000a\000s\000a\000a\000l\000t\000o\000s}{subsection.8.1}% 25
\BOOKMARK [3][-]{subsubsection.8.1.3}{\376\377\000F\000i\000l\000t\000r\000o\000\040\000n\000o\000t\000c\000h}{subsection.8.1}% 26
\BOOKMARK [2][-]{subsection.8.2}{\376\377\000P\000o\000l\000o\000\040\000d\000e\000\040\000m\000e\000d\000i\000c\000i\000o\000n}{section.8}% 27
